mode: atomic
calculator/pkg/handler/handler.go:22.73,25.2 2 5
calculator/pkg/handler/handler.go:27.76,30.2 2 1
calculator/pkg/handler/handler.go:32.79,35.2 2 1
calculator/pkg/handler/handler.go:37.73,39.16 2 1
calculator/pkg/handler/handler.go:39.16,41.3 1 1
calculator/pkg/handler/handler.go:44.71,46.2 1 2
calculator/pkg/handler/handler.go:48.69,50.2 1 0
calculator/pkg/handler/handler.go:52.13,59.2 6 1
calculator/pkg/handler/handler.go:61.82,63.2 1 7
calculator/pkg/handler/handler.go:65.93,66.21 1 2
calculator/pkg/handler/handler.go:66.21,68.3 1 2
calculator/pkg/calculator/calculator.go:31.62,33.2 1 1
calculator/pkg/calculator/calculator.go:35.57,37.2 1 2
calculator/pkg/calculator/calculator.go:39.34,41.2 1 31
calculator/pkg/calculator/calculator.go:43.50,45.2 1 32
calculator/pkg/calculator/calculator.go:47.55,49.2 1 6
calculator/pkg/calculator/calculator.go:51.55,53.2 1 7
calculator/pkg/calculator/calculator.go:55.53,56.19 1 7
calculator/pkg/calculator/calculator.go:56.19,58.3 1 1
calculator/pkg/calculator/calculator.go:58.8,61.3 1 6
calculator/pkg/calculator/calculator.go:64.40,66.2 1 1
calculator/pkg/calculator/calculator.go:68.38,70.2 1 0
calculator/pkg/parser/parser.go:11.42,14.2 2 7
calculator/pkg/parser/parser.go:16.57,17.28 1 5
calculator/pkg/parser/parser.go:22.2,22.14 1 2
calculator/pkg/parser/parser.go:17.28,18.24 1 15
calculator/pkg/parser/parser.go:18.24,20.4 1 3
calculator/pkg/parser/parser.go:25.38,26.21 1 8
calculator/pkg/parser/parser.go:29.2,29.22 1 5
calculator/pkg/parser/parser.go:33.2,35.59 3 3
calculator/pkg/parser/parser.go:26.21,28.3 1 3
calculator/pkg/parser/parser.go:29.22,32.3 2 2
calculator/pkg/parser/parser.go:38.55,40.23 2 4
calculator/pkg/parser/parser.go:47.2,48.17 2 1
calculator/pkg/parser/parser.go:40.23,41.23 1 3
calculator/pkg/parser/parser.go:44.3,45.26 2 1
calculator/pkg/parser/parser.go:41.23,43.4 1 2
calculator/pkg/reader/reader.go:8.38,12.2 3 4
calculator/pkg/view/view.go:5.26,7.2 1 1
calculator/pkg/view/view.go:9.20,11.2 1 1
calculator/pkg/view/view.go:13.35,15.2 1 1
