mode: atomic
calculator/pkg/handler/handler.go:22.73,25.2 2 4
calculator/pkg/handler/handler.go:27.76,30.2 2 1
calculator/pkg/handler/handler.go:32.79,35.2 2 1
calculator/pkg/handler/handler.go:37.73,39.16 2 1
calculator/pkg/handler/handler.go:39.16,41.3 1 1
calculator/pkg/handler/handler.go:44.71,46.2 1 1
calculator/pkg/handler/handler.go:48.69,50.2 1 0
calculator/pkg/handler/handler.go:52.13,59.2 6 1
calculator/pkg/handler/handler.go:61.82,63.2 1 7
calculator/pkg/handler/handler.go:65.93,67.2 1 0
calculator/pkg/parser/parser.go:12.42,15.2 2 7
calculator/pkg/parser/parser.go:17.57,18.28 1 5
calculator/pkg/parser/parser.go:23.2,23.14 1 2
calculator/pkg/parser/parser.go:18.28,19.24 1 15
calculator/pkg/parser/parser.go:19.24,21.4 1 3
calculator/pkg/parser/parser.go:26.38,27.21 1 8
calculator/pkg/parser/parser.go:30.2,30.22 1 5
calculator/pkg/parser/parser.go:34.2,36.59 3 3
calculator/pkg/parser/parser.go:27.21,29.3 1 3
calculator/pkg/parser/parser.go:30.22,33.3 2 2
calculator/pkg/parser/parser.go:39.55,41.23 2 4
calculator/pkg/parser/parser.go:51.2,51.17 1 0
calculator/pkg/parser/parser.go:41.23,42.23 1 3
calculator/pkg/parser/parser.go:45.3,46.26 2 1
calculator/pkg/parser/parser.go:42.23,44.4 1 2
calculator/pkg/parser/parser.go:47.8,50.3 2 1
calculator/pkg/calculator/calculator.go:31.62,33.2 1 1
calculator/pkg/calculator/calculator.go:35.57,37.2 1 2
calculator/pkg/calculator/calculator.go:39.34,41.2 1 31
calculator/pkg/calculator/calculator.go:43.50,45.2 1 32
calculator/pkg/calculator/calculator.go:47.55,49.2 1 6
calculator/pkg/calculator/calculator.go:51.55,53.2 1 7
calculator/pkg/calculator/calculator.go:55.53,56.19 1 7
calculator/pkg/calculator/calculator.go:56.19,58.3 1 1
calculator/pkg/calculator/calculator.go:58.8,61.3 1 6
calculator/pkg/calculator/calculator.go:64.40,66.2 1 1
calculator/pkg/calculator/calculator.go:68.38,70.2 1 0
calculator/pkg/reader/reader.go:8.38,12.2 3 4
calculator/pkg/view/view.go:5.26,7.2 1 1
calculator/pkg/view/view.go:9.20,11.2 1 1
calculator/pkg/view/view.go:13.35,15.2 1 1
